<?xml version="1.0" encoding="UTF-8"?>
<coverage generated="1777007281983" clover="3.2.0">
  <project timestamp="1777007281983" name="All files">
    <metrics statements="55" coveredstatements="41" conditionals="66" coveredconditionals="53" methods="5" coveredmethods="5" elements="126" coveredelements="99" complexity="0" loc="55" ncloc="55" packages="1" files="3" classes="3"/>
    <file name="edges.json" path="C:\Users\ahreaves\atlas\atlas\src\data\edges.json">
      <metrics statements="0" coveredstatements="0" conditionals="0" coveredconditionals="0" methods="0" coveredmethods="0"/>
    </file>
    <file name="nodes.json" path="C:\Users\ahreaves\atlas\atlas\src\data\nodes.json">
      <metrics statements="0" coveredstatements="0" conditionals="0" coveredconditionals="0" methods="0" coveredmethods="0"/>
    </file>
    <file name="schema.js" path="C:\Users\ahreaves\atlas\atlas\src\data\schema.js">
      <metrics statements="55" coveredstatements="41" conditionals="66" coveredconditionals="53" methods="5" coveredmethods="5"/>
      <line num="1" count="2" type="stmt"/>
      <line num="15" count="2" type="stmt"/>
      <line num="16" count="2" type="stmt"/>
      <line num="17" count="2" type="stmt"/>
      <line num="20" count="277" type="cond" truecount="2" falsecount="0"/>
      <line num="24" count="17" type="stmt"/>
      <line num="26" count="17" type="cond" truecount="4" falsecount="1"/>
      <line num="27" count="0" type="stmt"/>
      <line num="30" count="17" type="stmt"/>
      <line num="31" count="187" type="cond" truecount="2" falsecount="0"/>
      <line num="32" count="1" type="stmt"/>
      <line num="36" count="17" type="cond" truecount="2" falsecount="0"/>
      <line num="37" count="1" type="stmt"/>
      <line num="38" count="16" type="cond" truecount="2" falsecount="0"/>
      <line num="39" count="1" type="stmt"/>
      <line num="42" count="17" type="cond" truecount="1" falsecount="1"/>
      <line num="43" count="0" type="stmt"/>
      <line num="46" count="17" type="cond" truecount="1" falsecount="1"/>
      <line num="47" count="0" type="stmt"/>
      <line num="50" count="17" type="cond" truecount="1" falsecount="1"/>
      <line num="51" count="0" type="stmt"/>
      <line num="54" count="17" type="cond" truecount="1" falsecount="1"/>
      <line num="55" count="0" type="stmt"/>
      <line num="58" count="17" type="cond" truecount="4" falsecount="0"/>
      <line num="59" count="1" type="stmt"/>
      <line num="61" count="16" type="stmt"/>
      <line num="62" count="48" type="cond" truecount="4" falsecount="1"/>
      <line num="63" count="0" type="stmt"/>
      <line num="64" count="0" type="stmt"/>
      <line num="67" count="48" type="stmt"/>
      <line num="68" count="192" type="cond" truecount="2" falsecount="0"/>
      <line num="69" count="1" type="stmt"/>
      <line num="75" count="17" type="cond" truecount="1" falsecount="1"/>
      <line num="76" count="0" type="stmt"/>
      <line num="79" count="17" type="cond" truecount="1" falsecount="1"/>
      <line num="80" count="0" type="stmt"/>
      <line num="81" count="44" type="cond" truecount="1" falsecount="1"/>
      <line num="82" count="0" type="stmt"/>
      <line num="85" count="17" type="cond" truecount="4" falsecount="1"/>
      <line num="86" count="0" type="stmt"/>
      <line num="88" count="17" type="cond" truecount="2" falsecount="0"/>
      <line num="89" count="1" type="stmt"/>
      <line num="92" count="17" type="cond" truecount="4" falsecount="0"/>
      <line num="93" count="1" type="stmt"/>
      <line num="97" count="17" type="cond" truecount="1" falsecount="1"/>
      <line num="98" count="0" type="stmt"/>
      <line num="99" count="51" type="cond" truecount="1" falsecount="1"/>
      <line num="100" count="0" type="stmt"/>
      <line num="103" count="17" type="cond" truecount="4" falsecount="1"/>
      <line num="104" count="0" type="stmt"/>
      <line num="106" count="17" type="cond" truecount="4" falsecount="0"/>
      <line num="107" count="1" type="stmt"/>
      <line num="109" count="17" type="cond" truecount="4" falsecount="0"/>
      <line num="110" count="1" type="stmt"/>
      <line num="114" count="17" type="stmt"/>
    </file>
  </project>
</coverage>
