{"C:\\Users\\ahreaves\\atlas\\atlas\\src\\data\\edges.json": {"path":"C:\\Users\\ahreaves\\atlas\\atlas\\src\\data\\edges.json","statementMap":{},"fnMap":{},"branchMap":{},"s":{},"f":{},"b":{},"meta":{"lastBranch":0,"lastFunction":0,"lastStatement":0,"seen":{}}}
,"C:\\Users\\ahreaves\\atlas\\atlas\\src\\data\\nodes.json": {"path":"C:\\Users\\ahreaves\\atlas\\atlas\\src\\data\\nodes.json","statementMap":{},"fnMap":{},"branchMap":{},"s":{},"f":{},"b":{},"meta":{"lastBranch":0,"lastFunction":0,"lastStatement":0,"seen":{}}}
,"C:\\Users\\ahreaves\\atlas\\atlas\\src\\data\\schema.js": {"path":"C:\\Users\\ahreaves\\atlas\\atlas\\src\\data\\schema.js","statementMap":{"0":{"start":{"line":1,"column":24},"end":{"line":13,"column":null}},"1":{"start":{"line":15,"column":22},"end":{"line":15,"column":null}},"2":{"start":{"line":16,"column":29},"end":{"line":16,"column":null}},"3":{"start":{"line":17,"column":27},"end":{"line":17,"column":null}},"4":{"start":{"line":20,"column":2},"end":{"line":20,"column":null}},"5":{"start":{"line":24,"column":17},"end":{"line":24,"column":19}},"6":{"start":{"line":26,"column":2},"end":{"line":27,"column":null}},"7":{"start":{"line":27,"column":4},"end":{"line":27,"column":null}},"8":{"start":{"line":30,"column":2},"end":{"line":32,"column":null}},"9":{"start":{"line":31,"column":4},"end":{"line":32,"column":null}},"10":{"start":{"line":32,"column":6},"end":{"line":32,"column":null}},"11":{"start":{"line":36,"column":2},"end":{"line":39,"column":null}},"12":{"start":{"line":37,"column":4},"end":{"line":37,"column":null}},"13":{"start":{"line":38,"column":13},"end":{"line":39,"column":null}},"14":{"start":{"line":39,"column":4},"end":{"line":39,"column":null}},"15":{"start":{"line":42,"column":2},"end":{"line":43,"column":null}},"16":{"start":{"line":43,"column":4},"end":{"line":43,"column":null}},"17":{"start":{"line":46,"column":2},"end":{"line":47,"column":null}},"18":{"start":{"line":47,"column":4},"end":{"line":47,"column":null}},"19":{"start":{"line":50,"column":2},"end":{"line":51,"column":null}},"20":{"start":{"line":51,"column":4},"end":{"line":51,"column":null}},"21":{"start":{"line":54,"column":2},"end":{"line":55,"column":null}},"22":{"start":{"line":55,"column":4},"end":{"line":55,"column":null}},"23":{"start":{"line":58,"column":2},"end":{"line":72,"column":null}},"24":{"start":{"line":59,"column":4},"end":{"line":59,"column":null}},"25":{"start":{"line":61,"column":4},"end":{"line":72,"column":null}},"26":{"start":{"line":62,"column":6},"end":{"line":64,"column":null}},"27":{"start":{"line":63,"column":8},"end":{"line":63,"column":null}},"28":{"start":{"line":64,"column":8},"end":{"line":64,"column":null}},"29":{"start":{"line":67,"column":6},"end":{"line":69,"column":null}},"30":{"start":{"line":68,"column":8},"end":{"line":69,"column":null}},"31":{"start":{"line":69,"column":10},"end":{"line":69,"column":null}},"32":{"start":{"line":75,"column":2},"end":{"line":76,"column":null}},"33":{"start":{"line":76,"column":4},"end":{"line":76,"column":null}},"34":{"start":{"line":79,"column":2},"end":{"line":82,"column":null}},"35":{"start":{"line":80,"column":4},"end":{"line":80,"column":null}},"36":{"start":{"line":81,"column":13},"end":{"line":82,"column":null}},"37":{"start":{"line":81,"column":51},"end":{"line":81,"column":82}},"38":{"start":{"line":82,"column":4},"end":{"line":82,"column":null}},"39":{"start":{"line":85,"column":2},"end":{"line":93,"column":null}},"40":{"start":{"line":86,"column":4},"end":{"line":86,"column":null}},"41":{"start":{"line":88,"column":4},"end":{"line":89,"column":null}},"42":{"start":{"line":89,"column":6},"end":{"line":89,"column":null}},"43":{"start":{"line":92,"column":4},"end":{"line":93,"column":null}},"44":{"start":{"line":93,"column":6},"end":{"line":93,"column":null}},"45":{"start":{"line":97,"column":2},"end":{"line":100,"column":null}},"46":{"start":{"line":98,"column":4},"end":{"line":98,"column":null}},"47":{"start":{"line":99,"column":13},"end":{"line":100,"column":null}},"48":{"start":{"line":99,"column":37},"end":{"line":99,"column":61}},"49":{"start":{"line":100,"column":4},"end":{"line":100,"column":null}},"50":{"start":{"line":103,"column":2},"end":{"line":110,"column":null}},"51":{"start":{"line":104,"column":4},"end":{"line":104,"column":null}},"52":{"start":{"line":106,"column":4},"end":{"line":107,"column":null}},"53":{"start":{"line":107,"column":6},"end":{"line":107,"column":null}},"54":{"start":{"line":109,"column":4},"end":{"line":110,"column":null}},"55":{"start":{"line":110,"column":6},"end":{"line":110,"column":null}},"56":{"start":{"line":114,"column":2},"end":{"line":114,"column":null}}},"fnMap":{"0":{"name":"isNonEmptyString","decl":{"start":{"line":19,"column":9},"end":{"line":19,"column":26}},"loc":{"start":{"line":19,"column":33},"end":{"line":20,"column":null}},"line":19},"1":{"name":"validateNode","decl":{"start":{"line":23,"column":16},"end":{"line":23,"column":29}},"loc":{"start":{"line":23,"column":35},"end":{"line":114,"column":null}},"line":23},"2":{"name":"(anonymous_2)","decl":{"start":{"line":61,"column":19},"end":{"line":61,"column":28}},"loc":{"start":{"line":61,"column":48},"end":{"line":72,"column":null}},"line":61},"3":{"name":"(anonymous_3)","decl":{"start":{"line":81,"column":30},"end":{"line":81,"column":36}},"loc":{"start":{"line":81,"column":51},"end":{"line":81,"column":82}},"line":81},"4":{"name":"(anonymous_4)","decl":{"start":{"line":99,"column":23},"end":{"line":99,"column":29}},"loc":{"start":{"line":99,"column":37},"end":{"line":99,"column":61}},"line":99}},"branchMap":{"0":{"loc":{"start":{"line":20,"column":9},"end":{"line":20,"column":null}},"type":"binary-expr","locations":[{"start":{"line":20,"column":9},"end":{"line":20,"column":38}},{"start":{"line":20,"column":38},"end":{"line":20,"column":null}}],"line":20},"1":{"loc":{"start":{"line":26,"column":2},"end":{"line":27,"column":null}},"type":"if","locations":[{"start":{"line":26,"column":2},"end":{"line":27,"column":null}},{"start":{},"end":{}}],"line":26},"2":{"loc":{"start":{"line":26,"column":6},"end":{"line":26,"column":62}},"type":"binary-expr","locations":[{"start":{"line":26,"column":6},"end":{"line":26,"column":15}},{"start":{"line":26,"column":15},"end":{"line":26,"column":43}},{"start":{"line":26,"column":43},"end":{"line":26,"column":62}}],"line":26},"3":{"loc":{"start":{"line":31,"column":4},"end":{"line":32,"column":null}},"type":"if","locations":[{"start":{"line":31,"column":4},"end":{"line":32,"column":null}},{"start":{},"end":{}}],"line":31},"4":{"loc":{"start":{"line":36,"column":2},"end":{"line":39,"column":null}},"type":"if","locations":[{"start":{"line":36,"column":2},"end":{"line":39,"column":null}},{"start":{"line":38,"column":13},"end":{"line":39,"column":null}}],"line":36},"5":{"loc":{"start":{"line":38,"column":13},"end":{"line":39,"column":null}},"type":"if","locations":[{"start":{"line":38,"column":13},"end":{"line":39,"column":null}},{"start":{},"end":{}}],"line":38},"6":{"loc":{"start":{"line":42,"column":2},"end":{"line":43,"column":null}},"type":"if","locations":[{"start":{"line":42,"column":2},"end":{"line":43,"column":null}},{"start":{},"end":{}}],"line":42},"7":{"loc":{"start":{"line":46,"column":2},"end":{"line":47,"column":null}},"type":"if","locations":[{"start":{"line":46,"column":2},"end":{"line":47,"column":null}},{"start":{},"end":{}}],"line":46},"8":{"loc":{"start":{"line":50,"column":2},"end":{"line":51,"column":null}},"type":"if","locations":[{"start":{"line":50,"column":2},"end":{"line":51,"column":null}},{"start":{},"end":{}}],"line":50},"9":{"loc":{"start":{"line":54,"column":2},"end":{"line":55,"column":null}},"type":"if","locations":[{"start":{"line":54,"column":2},"end":{"line":55,"column":null}},{"start":{},"end":{}}],"line":54},"10":{"loc":{"start":{"line":58,"column":2},"end":{"line":72,"column":null}},"type":"if","locations":[{"start":{"line":58,"column":2},"end":{"line":72,"column":null}},{"start":{"line":60,"column":9},"end":{"line":72,"column":null}}],"line":58},"11":{"loc":{"start":{"line":58,"column":6},"end":{"line":58,"column":69}},"type":"binary-expr","locations":[{"start":{"line":58,"column":6},"end":{"line":58,"column":36}},{"start":{"line":58,"column":40},"end":{"line":58,"column":69}}],"line":58},"12":{"loc":{"start":{"line":62,"column":6},"end":{"line":64,"column":null}},"type":"if","locations":[{"start":{"line":62,"column":6},"end":{"line":64,"column":null}},{"start":{},"end":{}}],"line":62},"13":{"loc":{"start":{"line":62,"column":10},"end":{"line":62,"column":78}},"type":"binary-expr","locations":[{"start":{"line":62,"column":10},"end":{"line":62,"column":23}},{"start":{"line":62,"column":23},"end":{"line":62,"column":55}},{"start":{"line":62,"column":55},"end":{"line":62,"column":78}}],"line":62},"14":{"loc":{"start":{"line":68,"column":8},"end":{"line":69,"column":null}},"type":"if","locations":[{"start":{"line":68,"column":8},"end":{"line":69,"column":null}},{"start":{},"end":{}}],"line":68},"15":{"loc":{"start":{"line":75,"column":2},"end":{"line":76,"column":null}},"type":"if","locations":[{"start":{"line":75,"column":2},"end":{"line":76,"column":null}},{"start":{},"end":{}}],"line":75},"16":{"loc":{"start":{"line":79,"column":2},"end":{"line":82,"column":null}},"type":"if","locations":[{"start":{"line":79,"column":2},"end":{"line":82,"column":null}},{"start":{"line":81,"column":13},"end":{"line":82,"column":null}}],"line":79},"17":{"loc":{"start":{"line":81,"column":13},"end":{"line":82,"column":null}},"type":"if","locations":[{"start":{"line":81,"column":13},"end":{"line":82,"column":null}},{"start":{},"end":{}}],"line":81},"18":{"loc":{"start":{"line":85,"column":2},"end":{"line":93,"column":null}},"type":"if","locations":[{"start":{"line":85,"column":2},"end":{"line":93,"column":null}},{"start":{"line":87,"column":9},"end":{"line":93,"column":null}}],"line":85},"19":{"loc":{"start":{"line":85,"column":6},"end":{"line":85,"column":83}},"type":"binary-expr","locations":[{"start":{"line":85,"column":6},"end":{"line":85,"column":22}},{"start":{"line":85,"column":22},"end":{"line":85,"column":57}},{"start":{"line":85,"column":57},"end":{"line":85,"column":83}}],"line":85},"20":{"loc":{"start":{"line":88,"column":4},"end":{"line":89,"column":null}},"type":"if","locations":[{"start":{"line":88,"column":4},"end":{"line":89,"column":null}},{"start":{},"end":{}}],"line":88},"21":{"loc":{"start":{"line":92,"column":4},"end":{"line":93,"column":null}},"type":"if","locations":[{"start":{"line":92,"column":4},"end":{"line":93,"column":null}},{"start":{},"end":{}}],"line":92},"22":{"loc":{"start":{"line":92,"column":10},"end":{"line":92,"column":76}},"type":"binary-expr","locations":[{"start":{"line":92,"column":10},"end":{"line":92,"column":49}},{"start":{"line":92,"column":49},"end":{"line":92,"column":76}}],"line":92},"23":{"loc":{"start":{"line":97,"column":2},"end":{"line":100,"column":null}},"type":"if","locations":[{"start":{"line":97,"column":2},"end":{"line":100,"column":null}},{"start":{"line":99,"column":13},"end":{"line":100,"column":null}}],"line":97},"24":{"loc":{"start":{"line":99,"column":13},"end":{"line":100,"column":null}},"type":"if","locations":[{"start":{"line":99,"column":13},"end":{"line":100,"column":null}},{"start":{},"end":{}}],"line":99},"25":{"loc":{"start":{"line":103,"column":2},"end":{"line":110,"column":null}},"type":"if","locations":[{"start":{"line":103,"column":2},"end":{"line":110,"column":null}},{"start":{"line":105,"column":9},"end":{"line":110,"column":null}}],"line":103},"26":{"loc":{"start":{"line":103,"column":6},"end":{"line":103,"column":89}},"type":"binary-expr","locations":[{"start":{"line":103,"column":6},"end":{"line":103,"column":24}},{"start":{"line":103,"column":24},"end":{"line":103,"column":61}},{"start":{"line":103,"column":61},"end":{"line":103,"column":89}}],"line":103},"27":{"loc":{"start":{"line":106,"column":4},"end":{"line":107,"column":null}},"type":"if","locations":[{"start":{"line":106,"column":4},"end":{"line":107,"column":null}},{"start":{},"end":{}}],"line":106},"28":{"loc":{"start":{"line":106,"column":8},"end":{"line":106,"column":76}},"type":"binary-expr","locations":[{"start":{"line":106,"column":8},"end":{"line":106,"column":47}},{"start":{"line":106,"column":47},"end":{"line":106,"column":76}}],"line":106},"29":{"loc":{"start":{"line":109,"column":4},"end":{"line":110,"column":null}},"type":"if","locations":[{"start":{"line":109,"column":4},"end":{"line":110,"column":null}},{"start":{},"end":{}}],"line":109},"30":{"loc":{"start":{"line":109,"column":8},"end":{"line":109,"column":76}},"type":"binary-expr","locations":[{"start":{"line":109,"column":8},"end":{"line":109,"column":47}},{"start":{"line":109,"column":47},"end":{"line":109,"column":76}}],"line":109}},"s":{"0":2,"1":2,"2":2,"3":2,"4":277,"5":17,"6":17,"7":0,"8":17,"9":187,"10":1,"11":17,"12":1,"13":16,"14":1,"15":17,"16":0,"17":17,"18":0,"19":17,"20":0,"21":17,"22":0,"23":17,"24":1,"25":16,"26":48,"27":0,"28":0,"29":48,"30":192,"31":1,"32":17,"33":0,"34":17,"35":0,"36":17,"37":44,"38":0,"39":17,"40":0,"41":17,"42":1,"43":17,"44":1,"45":17,"46":0,"47":17,"48":51,"49":0,"50":17,"51":0,"52":17,"53":1,"54":17,"55":1,"56":17},"f":{"0":277,"1":17,"2":48,"3":44,"4":51},"b":{"0":[277,276],"1":[0,17],"2":[17,17,17],"3":[1,186],"4":[1,16],"5":[1,15],"6":[0,17],"7":[0,17],"8":[0,17],"9":[0,17],"10":[1,16],"11":[17,17],"12":[0,48],"13":[48,48,48],"14":[1,191],"15":[0,17],"16":[0,17],"17":[0,17],"18":[0,17],"19":[17,17,17],"20":[1,16],"21":[1,16],"22":[17,7],"23":[0,17],"24":[0,17],"25":[0,17],"26":[17,17,17],"27":[1,16],"28":[17,16],"29":[1,16],"30":[17,16]},"meta":{"lastBranch":31,"lastFunction":5,"lastStatement":57,"seen":{"s:1:24:13:Infinity":0,"s:15:22:15:Infinity":1,"s:16:29:16:Infinity":2,"s:17:27:17:Infinity":3,"f:19:9:19:26":0,"s:20:2:20:Infinity":4,"b:20:9:20:38:20:38:20:Infinity":0,"f:23:16:23:29":1,"s:24:17:24:19":5,"b:26:2:27:Infinity:undefined:undefined:undefined:undefined":1,"s:26:2:27:Infinity":6,"b:26:6:26:15:26:15:26:43:26:43:26:62":2,"s:27:4:27:Infinity":7,"s:30:2:32:Infinity":8,"b:31:4:32:Infinity:undefined:undefined:undefined:undefined":3,"s:31:4:32:Infinity":9,"s:32:6:32:Infinity":10,"b:36:2:39:Infinity:38:13:39:Infinity":4,"s:36:2:39:Infinity":11,"s:37:4:37:Infinity":12,"b:38:13:39:Infinity:undefined:undefined:undefined:undefined":5,"s:38:13:39:Infinity":13,"s:39:4:39:Infinity":14,"b:42:2:43:Infinity:undefined:undefined:undefined:undefined":6,"s:42:2:43:Infinity":15,"s:43:4:43:Infinity":16,"b:46:2:47:Infinity:undefined:undefined:undefined:undefined":7,"s:46:2:47:Infinity":17,"s:47:4:47:Infinity":18,"b:50:2:51:Infinity:undefined:undefined:undefined:undefined":8,"s:50:2:51:Infinity":19,"s:51:4:51:Infinity":20,"b:54:2:55:Infinity:undefined:undefined:undefined:undefined":9,"s:54:2:55:Infinity":21,"s:55:4:55:Infinity":22,"b:58:2:72:Infinity:60:9:72:Infinity":10,"s:58:2:72:Infinity":23,"b:58:6:58:36:58:40:58:69":11,"s:59:4:59:Infinity":24,"s:61:4:72:Infinity":25,"f:61:19:61:28":2,"b:62:6:64:Infinity:undefined:undefined:undefined:undefined":12,"s:62:6:64:Infinity":26,"b:62:10:62:23:62:23:62:55:62:55:62:78":13,"s:63:8:63:Infinity":27,"s:64:8:64:Infinity":28,"s:67:6:69:Infinity":29,"b:68:8:69:Infinity:undefined:undefined:undefined:undefined":14,"s:68:8:69:Infinity":30,"s:69:10:69:Infinity":31,"b:75:2:76:Infinity:undefined:undefined:undefined:undefined":15,"s:75:2:76:Infinity":32,"s:76:4:76:Infinity":33,"b:79:2:82:Infinity:81:13:82:Infinity":16,"s:79:2:82:Infinity":34,"s:80:4:80:Infinity":35,"b:81:13:82:Infinity:undefined:undefined:undefined:undefined":17,"s:81:13:82:Infinity":36,"f:81:30:81:36":3,"s:81:51:81:82":37,"s:82:4:82:Infinity":38,"b:85:2:93:Infinity:87:9:93:Infinity":18,"s:85:2:93:Infinity":39,"b:85:6:85:22:85:22:85:57:85:57:85:83":19,"s:86:4:86:Infinity":40,"b:88:4:89:Infinity:undefined:undefined:undefined:undefined":20,"s:88:4:89:Infinity":41,"s:89:6:89:Infinity":42,"b:92:4:93:Infinity:undefined:undefined:undefined:undefined":21,"s:92:4:93:Infinity":43,"b:92:10:92:49:92:49:92:76":22,"s:93:6:93:Infinity":44,"b:97:2:100:Infinity:99:13:100:Infinity":23,"s:97:2:100:Infinity":45,"s:98:4:98:Infinity":46,"b:99:13:100:Infinity:undefined:undefined:undefined:undefined":24,"s:99:13:100:Infinity":47,"f:99:23:99:29":4,"s:99:37:99:61":48,"s:100:4:100:Infinity":49,"b:103:2:110:Infinity:105:9:110:Infinity":25,"s:103:2:110:Infinity":50,"b:103:6:103:24:103:24:103:61:103:61:103:89":26,"s:104:4:104:Infinity":51,"b:106:4:107:Infinity:undefined:undefined:undefined:undefined":27,"s:106:4:107:Infinity":52,"b:106:8:106:47:106:47:106:76":28,"s:107:6:107:Infinity":53,"b:109:4:110:Infinity:undefined:undefined:undefined:undefined":29,"s:109:4:110:Infinity":54,"b:109:8:109:47:109:47:109:76":30,"s:110:6:110:Infinity":55,"s:114:2:114:Infinity":56}}}
}
